Arguments: 
  C:\Program Files\nodejs\node.exe C:\Users\Sahil\AppData\Roaming\npm\node_modules\yarn\bin\yarn.js add react-native

PATH: 
  C:\Windows\system32;C:\Windows;C:\Windows\System32\Wbem;C:\Windows\System32\WindowsPowerShell\v1.0\;C:\Windows\System32\OpenSSH\;C:\Program Files\NVIDIA Corporation\NVIDIA NvDLISR;C:\Program Files (x86)\NVIDIA Corporation\PhysX\Common;C:\Program Files\nodejs\;C:\Program Files\Git\cmd;C:\Users\Sahil\AppData\Local\Microsoft\WindowsApps;C:\Users\Sahil\AppData\Local\Programs\Microsoft VS Code\bin;C:\Users\Sahil\AppData\Roaming\npm;C:\Users\Sahil\AppData\Local\GitHubDesktop\bin

Yarn version: 
  1.22.19

Node version: 
  16.18.0

Platform: 
  win32 x64

Trace: 
  Error: ENOENT: no such file or directory, copyfile 'C:\Users\Sahil\AppData\Local\Yarn\Cache\v6\npm-@material-ui-icons-4.11.3-b0693709f9b161ce9ccde276a770d968484ecff1-integrity\node_modules\@material-ui\icons\utils\createSvgIcon.js' -> 'C:\Users\Sahil\Desktop\kashkart-main\node_modules\@material-ui\icons\utils\createSvgIcon.js'

npm manifest: 
  {
    "name": "kashkart",
    "version": "0.1.0",
    "private": true,
    "dependencies": {
      "@material-ui/core": "^4.11.3",
      "@material-ui/icons": "^4.11.2",
      "@testing-library/jest-dom": "^5.11.9",
      "@testing-library/react": "^11.2.5",
      "@testing-library/user-event": "^12.8.3",
      "autoprefixer": "^10.2.5",
      "cssnano": "^4.1.10",
      "gulp": "^4.0.2",
      "gulp-cli": "^2.3.0",
      "gulp-postcss": "^9.0.0",
      "gulp-sass": "^4.1.0",
      "postcss": "^8.2.8",
      "react": "^17.0.1",
      "react-dom": "^17.0.1",
      "react-router-dom": "^5.2.0",
      "react-scripts": "4.0.3",
      "web-vitals": "^1.1.0"
    },
    "scripts": {
      "start": "react-scripts start",
      "build": "react-scripts build",
      "test": "react-scripts test",
      "eject": "react-scripts eject"
    },
    "eslintConfig": {
      "extends": [
        "react-app",
        "react-app/jest"
      ]
    },
    "browserslist": {
      "production": [
        ">0.2%",
        "not dead",
        "not op_mini all"
      ],
      "development": [
        "last 1 chrome version",
        "last 1 firefox version",
        "last 1 safari version"
      ]
    },
    "description": "This project was bootstrapped with [Create React App](https://github.com/facebook/create-react-app).",
    "main": "index.js",
    "devDependencies": {},
    "keywords": [],
    "author": "",
    "license": "ISC"
  }

yarn manifest: 
  No manifest

Lockfile: 
  No lockfile
